<?xml version="1.0" encoding="UTF-8"?>
<!-- Generated by org.testng.reporters.JUnitReportReporter -->
<testsuite skipped="0" hostname="QAPLANET3-PC" name="orange.Tc2addemployee" tests="1" failures="0" timestamp="20 Dec 2019 07:11:23 GMT" time="33.099" errors="0">
  <testcase name="HRM" time="33.099" classname="orange.Tc2addemployee"/>
</testsuite> <!-- orange.Tc2addemployee -->
