<?xml version="1.0" encoding="UTF-8"?>
<!-- Generated by org.testng.reporters.JUnitReportReporter -->
<testsuite skipped="0" hostname="QAPLANET3-PC" name="orange.hrm" tests="1" failures="0" timestamp="20 Dec 2019 07:11:23 GMT" time="16.310" errors="0">
  <testcase name="HRM" time="16.310" classname="orange.hrm"/>
</testsuite> <!-- orange.hrm -->
